<?xml version="1.0" encoding="UTF-8"?>
<testng-results ignored="0" total="9" passed="6" failed="0" skipped="3">
  <reporter-output>
  </reporter-output>
  <suite started-at="2026-04-21T21:02:27 IST" name="Default suite" finished-at="2026-04-21T21:02:51 IST" duration-ms="24351">
    <groups>
    </groups>
    <test started-at="2026-04-21T21:02:27 IST" name="Default test" finished-at="2026-04-21T21:02:51 IST" duration-ms="24351">
      <class name="com.test.TutorialsNinjaTest">
        <test-method is-config="true" signature="BeforeMethod()[pri:0, instance:com.test.TutorialsNinjaTest@3590fc5b]" started-at="2026-04-21T21:02:28 IST" name="BeforeMethod" finished-at="2026-04-21T21:02:30 IST" duration-ms="2220" status="PASS">
          <reporter-output>
          </reporter-output>
        </test-method> <!-- BeforeMethod -->
        <test-method is-config="true" signature="BeforeMethod()[pri:0, instance:com.test.TutorialsNinjaTest@3590fc5b]" started-at="2026-04-21T21:02:28 IST" name="BeforeMethod" finished-at="2026-04-21T21:02:30 IST" duration-ms="2220" status="PASS">
          <reporter-output>
          </reporter-output>
        </test-method> <!-- BeforeMethod -->
        <test-method is-config="true" signature="BeforeMethod()[pri:0, instance:com.test.TutorialsNinjaTest@3590fc5b]" started-at="2026-04-21T21:02:28 IST" name="BeforeMethod" finished-at="2026-04-21T21:02:30 IST" duration-ms="2220" status="PASS">
          <reporter-output>
          </reporter-output>
        </test-method> <!-- BeforeMethod -->
        <test-method signature="validLoginTest(java.lang.String,java.lang.String,java.lang.String)[pri:0, instance:com.test.TutorialsNinjaTest@3590fc5b]" started-at="2026-04-21T21:02:30 IST" name="validLoginTest" data-provider="tutorialsninjadata" finished-at="2026-04-21T21:02:34 IST" duration-ms="4534" status="PASS">
          <params>
            <param index="0">
              <value>
                <![CDATA[abc32@gmail.com]]>
              </value>
            </param>
            <param index="1">
              <value>
                <![CDATA[Password@123]]>
              </value>
            </param>
            <param index="2">
              <value>
                <![CDATA[valid]]>
              </value>
            </param>
          </params>
          <reporter-output>
          </reporter-output>
        </test-method> <!-- validLoginTest -->
        <test-method signature="validLoginTest(java.lang.String,java.lang.String,java.lang.String)[pri:0, instance:com.test.TutorialsNinjaTest@3590fc5b]" started-at="2026-04-21T21:02:30 IST" name="validLoginTest" data-provider="tutorialsninjadata" finished-at="2026-04-21T21:02:30 IST" duration-ms="14" status="SKIP">
          <params>
            <param index="0">
              <value>
                <![CDATA[abc@gmail.com]]>
              </value>
            </param>
            <param index="1">
              <value>
                <![CDATA[1234.0]]>
              </value>
            </param>
            <param index="2">
              <value>
                <![CDATA[invalid]]>
              </value>
            </param>
          </params>
          <exception class="org.testng.SkipException">
            <message>
              <![CDATA[Skipping invalid data]]>
            </message>
            <full-stacktrace>
              <![CDATA[org.testng.SkipException: Skipping invalid data
at com.test.TutorialsNinjaTest.validLoginTest(TutorialsNinjaTest.java:22)
at java.base/jdk.internal.reflect.DirectMethodHandleAccessor.invoke(DirectMethodHandleAccessor.java:103)
at java.base/java.lang.reflect.Method.invoke(Method.java:580)
at org.testng.internal.invokers.MethodInvocationHelper.invokeMethod(MethodInvocationHelper.java:141)
at org.testng.internal.invokers.TestInvoker.invokeMethod(TestInvoker.java:697)
at org.testng.internal.invokers.TestInvoker.invokeTestMethod(TestInvoker.java:230)
at org.testng.internal.invokers.TestMethodWithDataProviderMethodWorker.call(TestMethodWithDataProviderMethodWorker.java:81)
at org.testng.internal.thread.Async$AsyncTask.run(Async.java:34)
at java.base/java.util.concurrent.ThreadPoolExecutor.runWorker(ThreadPoolExecutor.java:1144)
at java.base/java.util.concurrent.ThreadPoolExecutor$Worker.run(ThreadPoolExecutor.java:642)
at java.base/java.lang.Thread.run(Thread.java:1583)
]]>
            </full-stacktrace>
          </exception> <!-- org.testng.SkipException -->
          <reporter-output>
          </reporter-output>
        </test-method> <!-- validLoginTest -->
        <test-method signature="validLoginTest(java.lang.String,java.lang.String,java.lang.String)[pri:0, instance:com.test.TutorialsNinjaTest@3590fc5b]" started-at="2026-04-21T21:02:30 IST" name="validLoginTest" data-provider="tutorialsninjadata" finished-at="2026-04-21T21:02:30 IST" duration-ms="14" status="SKIP">
          <params>
            <param index="0">
              <value>
                <![CDATA[test@gmail.com]]>
              </value>
            </param>
            <param index="1">
              <value>
                <![CDATA[4321.0]]>
              </value>
            </param>
            <param index="2">
              <value>
                <![CDATA[invalid]]>
              </value>
            </param>
          </params>
          <exception class="org.testng.SkipException">
            <message>
              <![CDATA[Skipping invalid data]]>
            </message>
            <full-stacktrace>
              <![CDATA[org.testng.SkipException: Skipping invalid data
at com.test.TutorialsNinjaTest.validLoginTest(TutorialsNinjaTest.java:22)
at java.base/jdk.internal.reflect.DirectMethodHandleAccessor.invoke(DirectMethodHandleAccessor.java:103)
at java.base/java.lang.reflect.Method.invoke(Method.java:580)
at org.testng.internal.invokers.MethodInvocationHelper.invokeMethod(MethodInvocationHelper.java:141)
at org.testng.internal.invokers.TestInvoker.invokeMethod(TestInvoker.java:697)
at org.testng.internal.invokers.TestInvoker.invokeTestMethod(TestInvoker.java:230)
at org.testng.internal.invokers.TestMethodWithDataProviderMethodWorker.call(TestMethodWithDataProviderMethodWorker.java:81)
at org.testng.internal.thread.Async$AsyncTask.run(Async.java:34)
at java.base/java.util.concurrent.ThreadPoolExecutor.runWorker(ThreadPoolExecutor.java:1144)
at java.base/java.util.concurrent.ThreadPoolExecutor$Worker.run(ThreadPoolExecutor.java:642)
at java.base/java.lang.Thread.run(Thread.java:1583)
]]>
            </full-stacktrace>
          </exception> <!-- org.testng.SkipException -->
          <reporter-output>
          </reporter-output>
        </test-method> <!-- validLoginTest -->
        <test-method is-config="true" signature="AfterMethod()[pri:0, instance:com.test.TutorialsNinjaTest@3590fc5b]" started-at="2026-04-21T21:02:30 IST" name="AfterMethod" finished-at="2026-04-21T21:02:34 IST" duration-ms="3873" status="PASS">
          <reporter-output>
          </reporter-output>
        </test-method> <!-- AfterMethod -->
        <test-method is-config="true" signature="AfterMethod()[pri:0, instance:com.test.TutorialsNinjaTest@3590fc5b]" started-at="2026-04-21T21:02:30 IST" name="AfterMethod" finished-at="2026-04-21T21:02:34 IST" duration-ms="3567" status="PASS">
          <reporter-output>
          </reporter-output>
        </test-method> <!-- AfterMethod -->
        <test-method is-config="true" signature="AfterMethod()[pri:0, instance:com.test.TutorialsNinjaTest@3590fc5b]" started-at="2026-04-21T21:02:34 IST" name="AfterMethod" finished-at="2026-04-21T21:02:35 IST" duration-ms="217" status="PASS">
          <reporter-output>
          </reporter-output>
        </test-method> <!-- AfterMethod -->
        <test-method is-config="true" signature="BeforeMethod()[pri:0, instance:com.test.TutorialsNinjaTest@3590fc5b]" started-at="2026-04-21T21:02:35 IST" name="BeforeMethod" finished-at="2026-04-21T21:02:36 IST" duration-ms="1530" status="PASS">
          <reporter-output>
          </reporter-output>
        </test-method> <!-- BeforeMethod -->
        <test-method is-config="true" signature="BeforeMethod()[pri:0, instance:com.test.TutorialsNinjaTest@3590fc5b]" started-at="2026-04-21T21:02:35 IST" name="BeforeMethod" finished-at="2026-04-21T21:02:36 IST" duration-ms="1525" status="PASS">
          <reporter-output>
          </reporter-output>
        </test-method> <!-- BeforeMethod -->
        <test-method is-config="true" signature="BeforeMethod()[pri:0, instance:com.test.TutorialsNinjaTest@3590fc5b]" started-at="2026-04-21T21:02:35 IST" name="BeforeMethod" finished-at="2026-04-21T21:02:36 IST" duration-ms="1528" status="PASS">
          <reporter-output>
          </reporter-output>
        </test-method> <!-- BeforeMethod -->
        <test-method signature="invalidLoginTest(java.lang.String,java.lang.String,java.lang.String)[pri:0, instance:com.test.TutorialsNinjaTest@3590fc5b]" started-at="2026-04-21T21:02:36 IST" name="invalidLoginTest" data-provider="tutorialsninjadata" finished-at="2026-04-21T21:02:41 IST" duration-ms="4374" status="PASS">
          <params>
            <param index="0">
              <value>
                <![CDATA[abc@gmail.com]]>
              </value>
            </param>
            <param index="1">
              <value>
                <![CDATA[1234.0]]>
              </value>
            </param>
            <param index="2">
              <value>
                <![CDATA[invalid]]>
              </value>
            </param>
          </params>
          <reporter-output>
          </reporter-output>
        </test-method> <!-- invalidLoginTest -->
        <test-method signature="invalidLoginTest(java.lang.String,java.lang.String,java.lang.String)[pri:0, instance:com.test.TutorialsNinjaTest@3590fc5b]" started-at="2026-04-21T21:02:36 IST" name="invalidLoginTest" data-provider="tutorialsninjadata" finished-at="2026-04-21T21:02:41 IST" duration-ms="4846" status="PASS">
          <params>
            <param index="0">
              <value>
                <![CDATA[test@gmail.com]]>
              </value>
            </param>
            <param index="1">
              <value>
                <![CDATA[4321.0]]>
              </value>
            </param>
            <param index="2">
              <value>
                <![CDATA[invalid]]>
              </value>
            </param>
          </params>
          <reporter-output>
          </reporter-output>
        </test-method> <!-- invalidLoginTest -->
        <test-method signature="invalidLoginTest(java.lang.String,java.lang.String,java.lang.String)[pri:0, instance:com.test.TutorialsNinjaTest@3590fc5b]" started-at="2026-04-21T21:02:36 IST" name="invalidLoginTest" data-provider="tutorialsninjadata" finished-at="2026-04-21T21:02:36 IST" duration-ms="4" status="SKIP">
          <params>
            <param index="0">
              <value>
                <![CDATA[abc32@gmail.com]]>
              </value>
            </param>
            <param index="1">
              <value>
                <![CDATA[Password@123]]>
              </value>
            </param>
            <param index="2">
              <value>
                <![CDATA[valid]]>
              </value>
            </param>
          </params>
          <exception class="org.testng.SkipException">
            <message>
              <![CDATA[Skipping valid data]]>
            </message>
            <full-stacktrace>
              <![CDATA[org.testng.SkipException: Skipping valid data
at com.test.TutorialsNinjaTest.invalidLoginTest(TutorialsNinjaTest.java:41)
at java.base/jdk.internal.reflect.DirectMethodHandleAccessor.invoke(DirectMethodHandleAccessor.java:103)
at java.base/java.lang.reflect.Method.invoke(Method.java:580)
at org.testng.internal.invokers.MethodInvocationHelper.invokeMethod(MethodInvocationHelper.java:141)
at org.testng.internal.invokers.TestInvoker.invokeMethod(TestInvoker.java:697)
at org.testng.internal.invokers.TestInvoker.invokeTestMethod(TestInvoker.java:230)
at org.testng.internal.invokers.TestMethodWithDataProviderMethodWorker.call(TestMethodWithDataProviderMethodWorker.java:81)
at org.testng.internal.thread.Async$AsyncTask.run(Async.java:34)
at java.base/java.util.concurrent.ThreadPoolExecutor.runWorker(ThreadPoolExecutor.java:1144)
at java.base/java.util.concurrent.ThreadPoolExecutor$Worker.run(ThreadPoolExecutor.java:642)
at java.base/java.lang.Thread.run(Thread.java:1583)
]]>
            </full-stacktrace>
          </exception> <!-- org.testng.SkipException -->
          <reporter-output>
          </reporter-output>
        </test-method> <!-- invalidLoginTest -->
        <test-method is-config="true" signature="AfterMethod()[pri:0, instance:com.test.TutorialsNinjaTest@3590fc5b]" started-at="2026-04-21T21:02:36 IST" name="AfterMethod" finished-at="2026-04-21T21:02:40 IST" duration-ms="3380" status="PASS">
          <reporter-output>
          </reporter-output>
        </test-method> <!-- AfterMethod -->
        <test-method is-config="true" signature="AfterMethod()[pri:0, instance:com.test.TutorialsNinjaTest@3590fc5b]" started-at="2026-04-21T21:02:41 IST" name="AfterMethod" finished-at="2026-04-21T21:02:41 IST" duration-ms="231" status="PASS">
          <reporter-output>
          </reporter-output>
        </test-method> <!-- AfterMethod -->
        <test-method is-config="true" signature="AfterMethod()[pri:0, instance:com.test.TutorialsNinjaTest@3590fc5b]" started-at="2026-04-21T21:02:41 IST" name="AfterMethod" finished-at="2026-04-21T21:02:41 IST" duration-ms="213" status="PASS">
          <reporter-output>
          </reporter-output>
        </test-method> <!-- AfterMethod -->
        <test-method is-config="true" signature="BeforeMethod()[pri:0, instance:com.test.TutorialsNinjaTest@3590fc5b]" started-at="2026-04-21T21:02:41 IST" name="BeforeMethod" finished-at="2026-04-21T21:02:43 IST" duration-ms="1206" status="PASS">
          <reporter-output>
          </reporter-output>
        </test-method> <!-- BeforeMethod -->
        <test-method signature="searchProduct(java.lang.String)[pri:0, instance:com.test.TutorialsNinjaTest@3590fc5b]" started-at="2026-04-21T21:02:43 IST" name="searchProduct" data-provider="searchData" finished-at="2026-04-21T21:02:44 IST" depends-on-methods="com.test.TutorialsNinjaTest.validLoginTest" duration-ms="1509" status="PASS">
          <params>
            <param index="0">
              <value>
                <![CDATA[iPhone]]>
              </value>
            </param>
          </params>
          <reporter-output>
          </reporter-output>
        </test-method> <!-- searchProduct -->
        <test-method is-config="true" signature="AfterMethod()[pri:0, instance:com.test.TutorialsNinjaTest@3590fc5b]" started-at="2026-04-21T21:02:44 IST" name="AfterMethod" finished-at="2026-04-21T21:02:45 IST" duration-ms="579" status="PASS">
          <reporter-output>
          </reporter-output>
        </test-method> <!-- AfterMethod -->
        <test-method is-config="true" signature="BeforeMethod()[pri:0, instance:com.test.TutorialsNinjaTest@3590fc5b]" started-at="2026-04-21T21:02:45 IST" name="BeforeMethod" finished-at="2026-04-21T21:02:46 IST" duration-ms="1040" status="PASS">
          <reporter-output>
          </reporter-output>
        </test-method> <!-- BeforeMethod -->
        <test-method signature="searchProduct(java.lang.String)[pri:0, instance:com.test.TutorialsNinjaTest@3590fc5b]" started-at="2026-04-21T21:02:46 IST" name="searchProduct" data-provider="searchData" finished-at="2026-04-21T21:02:48 IST" depends-on-methods="com.test.TutorialsNinjaTest.validLoginTest" duration-ms="1983" status="PASS">
          <params>
            <param index="0">
              <value>
                <![CDATA[Macbook]]>
              </value>
            </param>
          </params>
          <reporter-output>
          </reporter-output>
        </test-method> <!-- searchProduct -->
        <test-method is-config="true" signature="AfterMethod()[pri:0, instance:com.test.TutorialsNinjaTest@3590fc5b]" started-at="2026-04-21T21:02:48 IST" name="AfterMethod" finished-at="2026-04-21T21:02:48 IST" duration-ms="235" status="PASS">
          <reporter-output>
          </reporter-output>
        </test-method> <!-- AfterMethod -->
        <test-method is-config="true" signature="BeforeMethod()[pri:0, instance:com.test.TutorialsNinjaTest@3590fc5b]" started-at="2026-04-21T21:02:48 IST" name="BeforeMethod" finished-at="2026-04-21T21:02:49 IST" duration-ms="979" status="PASS">
          <reporter-output>
          </reporter-output>
        </test-method> <!-- BeforeMethod -->
        <test-method signature="searchProduct(java.lang.String)[pri:0, instance:com.test.TutorialsNinjaTest@3590fc5b]" started-at="2026-04-21T21:02:49 IST" name="searchProduct" data-provider="searchData" finished-at="2026-04-21T21:02:51 IST" depends-on-methods="com.test.TutorialsNinjaTest.validLoginTest" duration-ms="1876" status="PASS">
          <params>
            <param index="0">
              <value>
                <![CDATA[Samsung]]>
              </value>
            </param>
          </params>
          <reporter-output>
          </reporter-output>
        </test-method> <!-- searchProduct -->
        <test-method is-config="true" signature="AfterMethod()[pri:0, instance:com.test.TutorialsNinjaTest@3590fc5b]" started-at="2026-04-21T21:02:51 IST" name="AfterMethod" finished-at="2026-04-21T21:02:51 IST" duration-ms="214" status="PASS">
          <reporter-output>
          </reporter-output>
        </test-method> <!-- AfterMethod -->
      </class> <!-- com.test.TutorialsNinjaTest -->
    </test> <!-- Default test -->
  </suite> <!-- Default suite -->
</testng-results>
