<?xml version="1.0" encoding="UTF-8"?>
<testng-results ignored="1" total="4" passed="0" failed="0" skipped="3">
  <reporter-output>
  </reporter-output>
  <suite started-at="2026-04-22T15:06:26 IST" name="Failed suite [Default suite]" finished-at="2026-04-22T15:06:33 IST" duration-ms="7086">
    <groups>
    </groups>
    <test started-at="2026-04-22T15:06:26 IST" name="Default test(failed)" finished-at="2026-04-22T15:06:33 IST" duration-ms="7086">
      <class name="com.test.TutorialsNinjaTest">
        <test-method is-config="true" signature="BeforeMethod()[pri:0, instance:com.test.TutorialsNinjaTest@639c2c1d]" started-at="2026-04-22T15:06:27 IST" name="BeforeMethod" finished-at="2026-04-22T15:06:31 IST" duration-ms="3252" status="PASS">
          <reporter-output>
          </reporter-output>
        </test-method> <!-- BeforeMethod -->
        <test-method is-config="true" signature="BeforeMethod()[pri:0, instance:com.test.TutorialsNinjaTest@639c2c1d]" started-at="2026-04-22T15:06:27 IST" name="BeforeMethod" finished-at="2026-04-22T15:06:31 IST" duration-ms="3252" status="PASS">
          <reporter-output>
          </reporter-output>
        </test-method> <!-- BeforeMethod -->
        <test-method signature="validLoginTest(java.lang.String,java.lang.String,java.lang.String)[pri:0, instance:com.test.TutorialsNinjaTest@639c2c1d]" started-at="2026-04-22T15:06:31 IST" name="validLoginTest" data-provider="tutorialsninjadata" finished-at="2026-04-22T15:06:31 IST" duration-ms="21" status="SKIP">
          <params>
            <param index="0">
              <value>
                <![CDATA[abc@gmail.com]]>
              </value>
            </param>
            <param index="1">
              <value>
                <![CDATA[1234.0]]>
              </value>
            </param>
            <param index="2">
              <value>
                <![CDATA[invalid]]>
              </value>
            </param>
          </params>
          <exception class="org.testng.SkipException">
            <message>
              <![CDATA[Skipping invalid data]]>
            </message>
            <full-stacktrace>
              <![CDATA[org.testng.SkipException: Skipping invalid data
at com.test.TutorialsNinjaTest.validLoginTest(TutorialsNinjaTest.java:22)
at java.base/jdk.internal.reflect.DirectMethodHandleAccessor.invoke(DirectMethodHandleAccessor.java:103)
at java.base/java.lang.reflect.Method.invoke(Method.java:580)
at org.testng.internal.invokers.MethodInvocationHelper.invokeMethod(MethodInvocationHelper.java:141)
at org.testng.internal.invokers.TestInvoker.invokeMethod(TestInvoker.java:697)
at org.testng.internal.invokers.TestInvoker.invokeTestMethod(TestInvoker.java:230)
at org.testng.internal.invokers.TestMethodWithDataProviderMethodWorker.call(TestMethodWithDataProviderMethodWorker.java:81)
at org.testng.internal.thread.Async$AsyncTask.run(Async.java:34)
at java.base/java.util.concurrent.ThreadPoolExecutor.runWorker(ThreadPoolExecutor.java:1144)
at java.base/java.util.concurrent.ThreadPoolExecutor$Worker.run(ThreadPoolExecutor.java:642)
at java.base/java.lang.Thread.run(Thread.java:1583)
]]>
            </full-stacktrace>
          </exception> <!-- org.testng.SkipException -->
          <reporter-output>
          </reporter-output>
        </test-method> <!-- validLoginTest -->
        <test-method signature="validLoginTest(java.lang.String,java.lang.String,java.lang.String)[pri:0, instance:com.test.TutorialsNinjaTest@639c2c1d]" started-at="2026-04-22T15:06:31 IST" name="validLoginTest" data-provider="tutorialsninjadata" finished-at="2026-04-22T15:06:31 IST" duration-ms="21" status="SKIP">
          <params>
            <param index="0">
              <value>
                <![CDATA[test@gmail.com]]>
              </value>
            </param>
            <param index="1">
              <value>
                <![CDATA[4321.0]]>
              </value>
            </param>
            <param index="2">
              <value>
                <![CDATA[invalid]]>
              </value>
            </param>
          </params>
          <exception class="org.testng.SkipException">
            <message>
              <![CDATA[Skipping invalid data]]>
            </message>
            <full-stacktrace>
              <![CDATA[org.testng.SkipException: Skipping invalid data
at com.test.TutorialsNinjaTest.validLoginTest(TutorialsNinjaTest.java:22)
at java.base/jdk.internal.reflect.DirectMethodHandleAccessor.invoke(DirectMethodHandleAccessor.java:103)
at java.base/java.lang.reflect.Method.invoke(Method.java:580)
at org.testng.internal.invokers.MethodInvocationHelper.invokeMethod(MethodInvocationHelper.java:141)
at org.testng.internal.invokers.TestInvoker.invokeMethod(TestInvoker.java:697)
at org.testng.internal.invokers.TestInvoker.invokeTestMethod(TestInvoker.java:230)
at org.testng.internal.invokers.TestMethodWithDataProviderMethodWorker.call(TestMethodWithDataProviderMethodWorker.java:81)
at org.testng.internal.thread.Async$AsyncTask.run(Async.java:34)
at java.base/java.util.concurrent.ThreadPoolExecutor.runWorker(ThreadPoolExecutor.java:1144)
at java.base/java.util.concurrent.ThreadPoolExecutor$Worker.run(ThreadPoolExecutor.java:642)
at java.base/java.lang.Thread.run(Thread.java:1583)
]]>
            </full-stacktrace>
          </exception> <!-- org.testng.SkipException -->
          <reporter-output>
          </reporter-output>
        </test-method> <!-- validLoginTest -->
        <test-method is-config="true" signature="AfterMethod()[pri:0, instance:com.test.TutorialsNinjaTest@639c2c1d]" started-at="2026-04-22T15:06:31 IST" name="AfterMethod" finished-at="2026-04-22T15:06:31 IST" duration-ms="526" status="PASS">
          <reporter-output>
          </reporter-output>
        </test-method> <!-- AfterMethod -->
        <test-method is-config="true" signature="AfterMethod()[pri:0, instance:com.test.TutorialsNinjaTest@639c2c1d]" started-at="2026-04-22T15:06:31 IST" name="AfterMethod" finished-at="2026-04-22T15:06:31 IST" duration-ms="507" status="PASS">
          <reporter-output>
          </reporter-output>
        </test-method> <!-- AfterMethod -->
        <test-method is-config="true" signature="BeforeMethod()[pri:0, instance:com.test.TutorialsNinjaTest@639c2c1d]" started-at="2026-04-22T15:06:31 IST" name="BeforeMethod" finished-at="2026-04-22T15:06:33 IST" duration-ms="1419" status="PASS">
          <reporter-output>
          </reporter-output>
        </test-method> <!-- BeforeMethod -->
        <test-method signature="invalidLoginTest(java.lang.String,java.lang.String,java.lang.String)[pri:0, instance:com.test.TutorialsNinjaTest@639c2c1d]" started-at="2026-04-22T15:06:33 IST" name="invalidLoginTest" data-provider="tutorialsninjadata" finished-at="2026-04-22T15:06:33 IST" duration-ms="4" status="SKIP">
          <params>
            <param index="0">
              <value>
                <![CDATA[abc32@gmail.com]]>
              </value>
            </param>
            <param index="1">
              <value>
                <![CDATA[Password@123]]>
              </value>
            </param>
            <param index="2">
              <value>
                <![CDATA[valid]]>
              </value>
            </param>
          </params>
          <exception class="org.testng.SkipException">
            <message>
              <![CDATA[Skipping valid data]]>
            </message>
            <full-stacktrace>
              <![CDATA[org.testng.SkipException: Skipping valid data
at com.test.TutorialsNinjaTest.invalidLoginTest(TutorialsNinjaTest.java:41)
at java.base/jdk.internal.reflect.DirectMethodHandleAccessor.invoke(DirectMethodHandleAccessor.java:103)
at java.base/java.lang.reflect.Method.invoke(Method.java:580)
at org.testng.internal.invokers.MethodInvocationHelper.invokeMethod(MethodInvocationHelper.java:141)
at org.testng.internal.invokers.TestInvoker.invokeMethod(TestInvoker.java:697)
at org.testng.internal.invokers.TestInvoker.invokeTestMethod(TestInvoker.java:230)
at org.testng.internal.invokers.TestMethodWithDataProviderMethodWorker.call(TestMethodWithDataProviderMethodWorker.java:81)
at org.testng.internal.thread.Async$AsyncTask.run(Async.java:34)
at java.base/java.util.concurrent.ThreadPoolExecutor.runWorker(ThreadPoolExecutor.java:1144)
at java.base/java.util.concurrent.ThreadPoolExecutor$Worker.run(ThreadPoolExecutor.java:642)
at java.base/java.lang.Thread.run(Thread.java:1583)
]]>
            </full-stacktrace>
          </exception> <!-- org.testng.SkipException -->
          <reporter-output>
          </reporter-output>
        </test-method> <!-- invalidLoginTest -->
        <test-method is-config="true" signature="AfterMethod()[pri:0, instance:com.test.TutorialsNinjaTest@639c2c1d]" started-at="2026-04-22T15:06:33 IST" name="AfterMethod" finished-at="2026-04-22T15:06:33 IST" duration-ms="534" status="PASS">
          <reporter-output>
          </reporter-output>
        </test-method> <!-- AfterMethod -->
      </class> <!-- com.test.TutorialsNinjaTest -->
    </test> <!-- Default test(failed) -->
  </suite> <!-- Failed suite [Default suite] -->
</testng-results>
