<?xml version="1.0" encoding="UTF-8"?>
<testng-results ignored="0" total="3" passed="3" failed="0" skipped="0">
  <reporter-output>
  </reporter-output>
  <suite started-at="2026-04-20T22:16:02 IST" name="Default suite" finished-at="2026-04-20T22:16:09 IST" duration-ms="7299">
    <groups>
    </groups>
    <test started-at="2026-04-20T22:16:02 IST" name="Default test" finished-at="2026-04-20T22:16:09 IST" duration-ms="7299">
      <class name="testng_practice.DataProviderTest">
        <test-method is-config="true" signature="beforeMethod()[pri:0, instance:testng_practice.DataProviderTest@128d2484]" started-at="2026-04-20T22:16:02 IST" name="beforeMethod" finished-at="2026-04-20T22:16:05 IST" duration-ms="3408" status="PASS">
          <reporter-output>
          </reporter-output>
        </test-method> <!-- beforeMethod -->
        <test-method is-config="true" signature="beforeMethod()[pri:0, instance:testng_practice.DataProviderTest@128d2484]" started-at="2026-04-20T22:16:02 IST" name="beforeMethod" finished-at="2026-04-20T22:16:05 IST" duration-ms="3408" status="PASS">
          <reporter-output>
          </reporter-output>
        </test-method> <!-- beforeMethod -->
        <test-method is-config="true" signature="beforeMethod()[pri:0, instance:testng_practice.DataProviderTest@128d2484]" started-at="2026-04-20T22:16:02 IST" name="beforeMethod" finished-at="2026-04-20T22:16:05 IST" duration-ms="3408" status="PASS">
          <reporter-output>
          </reporter-output>
        </test-method> <!-- beforeMethod -->
        <test-method signature="login(java.lang.String,java.lang.String)[pri:0, instance:testng_practice.DataProviderTest@128d2484]" started-at="2026-04-20T22:16:05 IST" name="login" data-provider="Demo" finished-at="2026-04-20T22:16:09 IST" duration-ms="3818" status="PASS">
          <params>
            <param index="0">
              <value>
                <![CDATA[Admin]]>
              </value>
            </param>
            <param index="1">
              <value>
                <![CDATA[1234]]>
              </value>
            </param>
          </params>
          <reporter-output>
          </reporter-output>
        </test-method> <!-- login -->
        <test-method signature="login(java.lang.String,java.lang.String)[pri:0, instance:testng_practice.DataProviderTest@128d2484]" started-at="2026-04-20T22:16:05 IST" name="login" data-provider="Demo" finished-at="2026-04-20T22:16:09 IST" duration-ms="3422" status="PASS">
          <params>
            <param index="0">
              <value>
                <![CDATA[Admin]]>
              </value>
            </param>
            <param index="1">
              <value>
                <![CDATA[admin]]>
              </value>
            </param>
          </params>
          <reporter-output>
          </reporter-output>
        </test-method> <!-- login -->
        <test-method signature="login(java.lang.String,java.lang.String)[pri:0, instance:testng_practice.DataProviderTest@128d2484]" started-at="2026-04-20T22:16:05 IST" name="login" data-provider="Demo" finished-at="2026-04-20T22:16:09 IST" duration-ms="3379" status="PASS">
          <params>
            <param index="0">
              <value>
                <![CDATA[check]]>
              </value>
            </param>
            <param index="1">
              <value>
                <![CDATA[admin]]>
              </value>
            </param>
          </params>
          <reporter-output>
          </reporter-output>
        </test-method> <!-- login -->
        <test-method is-config="true" signature="afterMethod()[pri:0, instance:testng_practice.DataProviderTest@128d2484]" started-at="2026-04-20T22:16:09 IST" name="afterMethod" finished-at="2026-04-20T22:16:09 IST" duration-ms="6" status="PASS">
          <reporter-output>
          </reporter-output>
        </test-method> <!-- afterMethod -->
        <test-method is-config="true" signature="afterMethod()[pri:0, instance:testng_practice.DataProviderTest@128d2484]" started-at="2026-04-20T22:16:09 IST" name="afterMethod" finished-at="2026-04-20T22:16:09 IST" duration-ms="1" status="PASS">
          <reporter-output>
          </reporter-output>
        </test-method> <!-- afterMethod -->
        <test-method is-config="true" signature="afterMethod()[pri:0, instance:testng_practice.DataProviderTest@128d2484]" started-at="2026-04-20T22:16:09 IST" name="afterMethod" finished-at="2026-04-20T22:16:09 IST" duration-ms="1" status="PASS">
          <reporter-output>
          </reporter-output>
        </test-method> <!-- afterMethod -->
      </class> <!-- testng_practice.DataProviderTest -->
    </test> <!-- Default test -->
  </suite> <!-- Default suite -->
</testng-results>
