<?xml version="1.0" encoding="UTF-8"?>
<!-- Generated by org.testng.reporters.JUnitXMLReporter -->
<testsuite ignored="0" hostname="LAPTOP-IBUOS8EK" failures="0" tests="1" name="browser" time="0.075" errors="0" timestamp="2026-04-20T12:40:33 IST">
  <testcase classname="testng_practice.ParameterizationDemo" name="@BeforeMethod beforeMethod" time="-1.776669033851E9">
    <failure type="org.testng.TestNGException" message="
Parameter &amp;apos;url&amp;apos; is required by BeforeMethod on method beforeMethod but has not been marked @Optional or defined
in C:\Users\akksh\OneDrive\Desktop\Testing modules\Java Training\Selenium basics\practice\testng.xml">
      <![CDATA[org.testng.TestNGException: 
Parameter 'url' is required by BeforeMethod on method beforeMethod but has not been marked @Optional or defined
in C:\Users\akksh\OneDrive\Desktop\Testing modules\Java Training\Selenium basics\practice\testng.xml
at java.base/java.util.ArrayList.forEach(ArrayList.java:1596)
... Removed 28 stack frames]]>
    </failure>
  </testcase> <!-- @BeforeMethod beforeMethod -->
  <testcase classname="testng_practice.ParameterizationDemo" name="@AfterMethod afterMethod" time="0.0">
    <skipped/>
  </testcase> <!-- @AfterMethod afterMethod -->
  <testcase classname="testng_practice.ParameterizationDemo" name="f" time="0.0">
    <skipped/>
  </testcase> <!-- f -->
</testsuite> <!-- browser -->
