<?xml version="1.0" encoding="UTF-8"?>
<!-- Generated by org.testng.reporters.JUnitXMLReporter -->
<testsuite ignored="6" hostname="LAPTOP-IBUOS8EK" failures="0" tests="4" name="Test" time="0.122" errors="0" timestamp="2026-04-17T12:25:54 IST">
  <testcase classname="testng_practice.DependsOnGroupsExample" name="testMethod1frogroupA" time="0.014"/>
  <testcase classname="testng_practice.DependsOnGroupsExample" name="testMethod2forGroupB" time="0.003"/>
  <testcase classname="testng_practice.DependsOnGroupsExample" name="testMethod2forgroupA" time="0.002"/>
  <testcase classname="testng_practice.DependsOnGroupsExample" name="testMethodforGroupB" time="0.002"/>
  <testcase classname="testng_practice.SampleTest" name="invalidCheck" time="0.0">
    <ignored/>
  </testcase> <!-- invalidCheck -->
  <testcase classname="testng_practice.NewTest" name="logOutTest" time="0.0">
    <ignored/>
  </testcase> <!-- logOutTest -->
  <testcase classname="testng_practice.SampleTest" name="loginCheck" time="0.0">
    <ignored/>
  </testcase> <!-- loginCheck -->
  <testcase classname="testng_practice.SampleTest" name="invalidCheck1" time="0.0">
    <ignored/>
  </testcase> <!-- invalidCheck1 -->
  <testcase classname="testng_practice.NewTest" name="loginTest" time="0.0">
    <ignored/>
  </testcase> <!-- loginTest -->
  <testcase classname="testng_practice.DependsOnGroupsExample" name="testMethod1" time="0.0">
    <ignored/>
  </testcase> <!-- testMethod1 -->
</testsuite> <!-- Test -->
