<?xml version="1.0" encoding="UTF-8"?>
<!-- Generated by org.testng.reporters.JUnitXMLReporter -->
<testsuite ignored="0" hostname="LAPTOP-IBUOS8EK" failures="0" tests="3" name="Test" time="8.643" errors="0" timestamp="2026-04-20T15:45:36 IST">
  <testcase classname="testng_practice.ParallelDataProvider" name="check" time="1.827"/>
  <testcase classname="testng_practice.ParallelDataProvider" name="check" time="2.062"/>
  <testcase classname="testng_practice.ParallelDataProvider" name="check" time="2.128"/>
</testsuite> <!-- Test -->
