<?xml version="1.0" encoding="UTF-8"?>
<!-- Generated by org.testng.reporters.JUnitXMLReporter -->
<testsuite ignored="0" hostname="LAPTOP-IBUOS8EK" failures="0" tests="9" name="Default test" time="24.351" errors="0" timestamp="2026-04-21T21:02:51 IST">
  <testcase classname="com.test.TutorialsNinjaTest" name="validLoginTest" time="0.014">
    <skipped/>
  </testcase> <!-- validLoginTest -->
  <testcase classname="com.test.TutorialsNinjaTest" name="validLoginTest" time="0.014">
    <skipped/>
  </testcase> <!-- validLoginTest -->
  <testcase classname="com.test.TutorialsNinjaTest" name="validLoginTest" time="4.534"/>
  <testcase classname="com.test.TutorialsNinjaTest" name="invalidLoginTest" time="0.004">
    <skipped/>
  </testcase> <!-- invalidLoginTest -->
  <testcase classname="com.test.TutorialsNinjaTest" name="invalidLoginTest" time="4.374"/>
  <testcase classname="com.test.TutorialsNinjaTest" name="invalidLoginTest" time="4.846"/>
  <testcase classname="com.test.TutorialsNinjaTest" name="searchProduct" time="1.509"/>
  <testcase classname="com.test.TutorialsNinjaTest" name="searchProduct" time="1.983"/>
  <testcase classname="com.test.TutorialsNinjaTest" name="searchProduct" time="1.876"/>
</testsuite> <!-- Default test -->
