<?xml version="1.0" encoding="UTF-8"?>
<!-- Generated by org.testng.reporters.JUnitXMLReporter -->
<testsuite ignored="1" hostname="LAPTOP-IBUOS8EK" failures="0" tests="3" name="Default test(failed)" time="7.086" errors="0" timestamp="2026-04-22T15:06:33 IST">
  <testcase classname="com.test.TutorialsNinjaTest" name="validLoginTest" time="0.021">
    <skipped/>
  </testcase> <!-- validLoginTest -->
  <testcase classname="com.test.TutorialsNinjaTest" name="validLoginTest" time="0.021">
    <skipped/>
  </testcase> <!-- validLoginTest -->
  <testcase classname="com.test.TutorialsNinjaTest" name="invalidLoginTest" time="0.004">
    <skipped/>
  </testcase> <!-- invalidLoginTest -->
  <testcase classname="com.test.TutorialsNinjaTest" name="searchProduct" time="0.0">
    <ignored/>
  </testcase> <!-- searchProduct -->
</testsuite> <!-- Default test(failed) -->
