<?xml version="1.0" encoding="UTF-8"?>
<!-- Generated by org.testng.reporters.JUnitReportReporter -->
<testsuite hostname="LAPTOP-IBUOS8EK" failures="0" tests="3" name="runner.testngrunner" time="34.033" errors="0" timestamp="2026-05-04T15:03:51 IST" skipped="0">
  <testcase classname="runner.testngrunner" name="runScenario" time="9.619"/>
  <testcase classname="runner.testngrunner" name="runScenario" time="15.025"/>
  <testcase classname="runner.testngrunner" name="runScenario" time="9.389"/>
</testsuite> <!-- runner.testngrunner -->
