<?xml version="1.0" encoding="UTF-8"?>
<!-- Generated by org.testng.reporters.JUnitReportReporter -->
<testsuite hostname="LAPTOP-IBUOS8EK" failures="0" tests="9" name="com.test.TutorialsNinjaTest" time="46.131" errors="0" timestamp="2026-04-21T21:02:51 IST" skipped="3">
  <testcase classname="com.test.TutorialsNinjaTest" name="invalidLoginTest" time="10.446"/>
  <testcase classname="com.test.TutorialsNinjaTest" name="validLoginTest" time="2.451">
    <skipped/>
  </testcase> <!-- validLoginTest -->
  <testcase classname="com.test.TutorialsNinjaTest" name="validLoginTest" time="6.989"/>
  <testcase classname="com.test.TutorialsNinjaTest" name="validLoginTest" time="1.433">
    <skipped/>
  </testcase> <!-- validLoginTest -->
  <testcase classname="com.test.TutorialsNinjaTest" name="searchProduct" time="3.147"/>
  <testcase classname="com.test.TutorialsNinjaTest" name="invalidLoginTest" time="5.567"/>
  <testcase classname="com.test.TutorialsNinjaTest" name="searchProduct" time="6.606"/>
  <testcase classname="com.test.TutorialsNinjaTest" name="searchProduct" time="4.087"/>
  <testcase classname="com.test.TutorialsNinjaTest" name="invalidLoginTest" time="5.405">
    <skipped/>
  </testcase> <!-- invalidLoginTest -->
</testsuite> <!-- com.test.TutorialsNinjaTest -->
