<?xml version="1.0" encoding="UTF-8"?>
<!-- Generated by org.testng.reporters.JUnitReportReporter -->
<testsuite hostname="LAPTOP-IBUOS8EK" failures="0" tests="3" name="com.test.TutorialsNinjaTest" time="9.536" errors="0" timestamp="2026-04-22T15:06:34 IST" skipped="3">
  <testcase classname="com.test.TutorialsNinjaTest" name="validLoginTest" time="3.780">
    <skipped/>
  </testcase> <!-- validLoginTest -->
  <testcase classname="com.test.TutorialsNinjaTest" name="validLoginTest" time="3.799">
    <skipped/>
  </testcase> <!-- validLoginTest -->
  <testcase classname="com.test.TutorialsNinjaTest" name="invalidLoginTest" time="1.957">
    <skipped/>
  </testcase> <!-- invalidLoginTest -->
</testsuite> <!-- com.test.TutorialsNinjaTest -->
