<?xml version="1.0" encoding="UTF-8"?>
<!-- Generated by org.testng.reporters.JUnitXMLReporter -->
<testsuite ignored="0" hostname="LAPTOP-IBUOS8EK" failures="0" tests="3" name="Default test" time="7.299" errors="0" timestamp="2026-04-20T22:16:09 IST">
  <testcase classname="testng_practice.DataProviderTest" name="login" time="3.379"/>
  <testcase classname="testng_practice.DataProviderTest" name="login" time="3.422"/>
  <testcase classname="testng_practice.DataProviderTest" name="login" time="3.818"/>
</testsuite> <!-- Default test -->
