<?xml version="1.0" encoding="UTF-8"?>
<!-- Generated by org.testng.reporters.JUnitXMLReporter -->
<testsuite ignored="0" hostname="LAPTOP-IBUOS8EK" failures="0" tests="3" name="Default test" time="14.195" errors="0" timestamp="2026-04-21T11:36:31 IST">
  <testcase classname="testng_practice.DataProviderTest" name="login" time="5.11"/>
  <testcase classname="testng_practice.DataProviderTest" name="login" time="5.109"/>
  <testcase classname="testng_practice.DataProviderTest" name="login" time="5.471"/>
</testsuite> <!-- Default test -->
