<?xml version="1.0" encoding="UTF-8"?>
<testng-results ignored="0" total="1" passed="1" failed="0" skipped="0">
  <reporter-output>
  </reporter-output>
  <suite started-at="2026-05-03T20:02:14 IST" name="Default suite" finished-at="2026-05-03T20:02:26 IST" duration-ms="12564">
    <groups>
    </groups>
    <test started-at="2026-05-03T20:02:14 IST" name="Default test" finished-at="2026-05-03T20:02:26 IST" duration-ms="12564">
      <class name="com.tests.LoginPageTest">
        <test-method is-config="true" signature="setup()[pri:0, instance:com.tests.LoginPageTest@6736fa8d]" started-at="2026-05-03T20:02:14 IST" name="setup" finished-at="2026-05-03T20:02:23 IST" duration-ms="9338" status="PASS">
          <reporter-output>
          </reporter-output>
        </test-method> <!-- setup -->
        <test-method signature="loginTest()[pri:0, instance:com.tests.LoginPageTest@6736fa8d]" started-at="2026-05-03T20:02:23 IST" name="loginTest" finished-at="2026-05-03T20:02:26 IST" duration-ms="2871" status="PASS">
          <reporter-output>
          </reporter-output>
        </test-method> <!-- loginTest -->
        <test-method is-config="true" signature="close()[pri:0, instance:com.tests.LoginPageTest@6736fa8d]" started-at="2026-05-03T20:02:26 IST" name="close" finished-at="2026-05-03T20:02:26 IST" duration-ms="260" status="PASS">
          <reporter-output>
          </reporter-output>
        </test-method> <!-- close -->
      </class> <!-- com.tests.LoginPageTest -->
    </test> <!-- Default test -->
  </suite> <!-- Default suite -->
</testng-results>
