<?xml version="1.0" encoding="UTF-8"?>
<!-- Generated by org.testng.reporters.JUnitReportReporter -->
<testsuite hostname="LAPTOP-IBUOS8EK" failures="0" tests="3" name="testng_practice.ParameterizationDemo" time="16.197" errors="0" timestamp="2026-04-20T14:11:46 IST" skipped="0">
  <testcase classname="testng_practice.ParameterizationDemo" name="invalidCredentials1" time="6.170"/>
  <testcase classname="testng_practice.ParameterizationDemo" name="invalidCredentials" time="4.488"/>
  <testcase classname="testng_practice.ParameterizationDemo" name="validCredentials" time="5.539"/>
</testsuite> <!-- testng_practice.ParameterizationDemo -->
