<?xml version="1.0" encoding="UTF-8"?>
<!-- Generated by org.testng.reporters.JUnitReportReporter -->
<testsuite hostname="LAPTOP-IBUOS8EK" failures="0" tests="3" name="testng_practice.DataProviderTest" time="85.822" errors="0" timestamp="2026-04-20T22:27:34 IST" skipped="0">
  <testcase classname="testng_practice.DataProviderTest" name="login" time="30.236"/>
  <testcase classname="testng_practice.DataProviderTest" name="login" time="34.686"/>
  <testcase classname="testng_practice.DataProviderTest" name="login" time="20.900"/>
</testsuite> <!-- testng_practice.DataProviderTest -->
