<?xml version="1.0" encoding="UTF-8"?>
<!-- Generated by org.testng.reporters.JUnitReportReporter -->
<testsuite hostname="LAPTOP-IBUOS8EK" failures="0" tests="3" name="testng_practice.ParallelDataProvider" time="50.767" errors="0" timestamp="2026-04-20T21:46:49 IST" skipped="0">
  <testcase classname="testng_practice.ParallelDataProvider" name="check" time="17.805"/>
  <testcase classname="testng_practice.ParallelDataProvider" name="check" time="17.686"/>
  <testcase classname="testng_practice.ParallelDataProvider" name="check" time="15.276"/>
</testsuite> <!-- testng_practice.ParallelDataProvider -->
