<?xml version="1.0" encoding="UTF-8"?>
<!-- Generated by org.testng.reporters.JUnitReportReporter -->
<testsuite hostname="LAPTOP-IBUOS8EK" failures="0" tests="3" name="testng_practice.ParallelDataProvider" time="25.083" errors="0" timestamp="2026-04-20T15:45:38 IST" skipped="0">
  <testcase classname="testng_practice.ParallelDataProvider" name="check" time="8.485"/>
  <testcase classname="testng_practice.ParallelDataProvider" name="check" time="8.181"/>
  <testcase classname="testng_practice.ParallelDataProvider" name="check" time="8.417"/>
</testsuite> <!-- testng_practice.ParallelDataProvider -->
