<?xml version="1.0" encoding="UTF-8"?>
<!-- Generated by org.testng.reporters.JUnitReportReporter -->
<testsuite hostname="LAPTOP-IBUOS8EK" failures="0" tests="2" name="testng_practice.ListenerImplementation" time="23.887" errors="0" timestamp="2026-04-28T10:28:19 IST" skipped="0">
  <testcase classname="testng_practice.ListenerImplementation" name="invaliduser" time="5.637"/>
  <testcase classname="testng_practice.ListenerImplementation" name="validation" time="18.250"/>
</testsuite> <!-- testng_practice.ListenerImplementation -->
