<?xml version="1.0" encoding="UTF-8"?>
<!-- Generated by org.testng.reporters.JUnitReportReporter -->
<testsuite hostname="LAPTOP-IBUOS8EK" failures="0" tests="2" name="testng_practice.ListenerImplementation" time="13.712" errors="0" timestamp="2026-04-22T16:14:12 IST" skipped="0">
  <testcase classname="testng_practice.ListenerImplementation" name="invaliduser" time="4.843"/>
  <testcase classname="testng_practice.ListenerImplementation" name="validation" time="8.869"/>
</testsuite> <!-- testng_practice.ListenerImplementation -->
