<?xml version="1.0" encoding="UTF-8"?>
<!-- Generated by org.testng.reporters.JUnitReportReporter -->
<testsuite hostname="LAPTOP-IBUOS8EK" failures="0" tests="3" name="testng_practice.DataProviderDemo" time="14.461" errors="0" timestamp="2026-04-22T14:10:40 IST" skipped="0">
  <testcase classname="testng_practice.DataProviderDemo" name="check" time="5.431"/>
  <testcase classname="testng_practice.DataProviderDemo" name="check" time="4.393"/>
  <testcase classname="testng_practice.DataProviderDemo" name="check" time="4.637"/>
</testsuite> <!-- testng_practice.DataProviderDemo -->
