<?xml version="1.0" encoding="UTF-8"?>
<!-- Generated by org.testng.reporters.JUnitReportReporter -->
<testsuite hostname="LAPTOP-IBUOS8EK" failures="0" tests="9" name="testng_practice.TutorialsNinjaLoggingandListener" time="71.128" errors="0" timestamp="2026-04-22T17:35:20 IST" skipped="3">
  <testcase classname="testng_practice.TutorialsNinjaLoggingandListener" name="validLoginTest" time="3.928">
    <skipped/>
  </testcase> <!-- validLoginTest -->
  <testcase classname="testng_practice.TutorialsNinjaLoggingandListener" name="validLoginTest" time="14.450"/>
  <testcase classname="testng_practice.TutorialsNinjaLoggingandListener" name="searchProduct" time="4.922"/>
  <testcase classname="testng_practice.TutorialsNinjaLoggingandListener" name="searchProduct" time="8.777"/>
  <testcase classname="testng_practice.TutorialsNinjaLoggingandListener" name="invalidLoginTest" time="1.341">
    <skipped/>
  </testcase> <!-- invalidLoginTest -->
  <testcase classname="testng_practice.TutorialsNinjaLoggingandListener" name="validLoginTest" time="4.020">
    <skipped/>
  </testcase> <!-- validLoginTest -->
  <testcase classname="testng_practice.TutorialsNinjaLoggingandListener" name="invalidLoginTest" time="13.439"/>
  <testcase classname="testng_practice.TutorialsNinjaLoggingandListener" name="invalidLoginTest" time="13.337"/>
  <testcase classname="testng_practice.TutorialsNinjaLoggingandListener" name="searchProduct" time="6.914"/>
</testsuite> <!-- testng_practice.TutorialsNinjaLoggingandListener -->
