<?xml version="1.0" encoding="UTF-8"?>
<!-- Generated by org.testng.reporters.JUnitReportReporter -->
<testsuite hostname="LAPTOP-IBUOS8EK" failures="0" tests="5" name="testng_practice.DependsOnGroupsExample" time="0.023" errors="0" timestamp="2026-04-22T14:10:03 IST" skipped="0">
  <testcase classname="testng_practice.DependsOnGroupsExample" name="testMethod1frogroupA" time="0.016"/>
  <testcase classname="testng_practice.DependsOnGroupsExample" name="testMethod1" time="0.001"/>
  <testcase classname="testng_practice.DependsOnGroupsExample" name="testMethod2forgroupA" time="0.002"/>
  <testcase classname="testng_practice.DependsOnGroupsExample" name="testMethodforGroupB" time="0.002"/>
  <testcase classname="testng_practice.DependsOnGroupsExample" name="testMethod2forGroupB" time="0.002"/>
</testsuite> <!-- testng_practice.DependsOnGroupsExample -->
