<?xml version="1.0" encoding="UTF-8"?>
<!-- Generated by org.testng.reporters.JUnitReportReporter -->
<testsuite hostname="LAPTOP-IBUOS8EK" failures="0" tests="3" name="testng_practice.DataProviderTest" time="39.129" errors="0" timestamp="2026-04-21T11:36:31 IST" skipped="0">
  <testcase classname="testng_practice.DataProviderTest" name="login" time="12.533"/>
  <testcase classname="testng_practice.DataProviderTest" name="login" time="14.105"/>
  <testcase classname="testng_practice.DataProviderTest" name="login" time="12.491"/>
</testsuite> <!-- testng_practice.DataProviderTest -->
