<?xml version="1.0" encoding="UTF-8"?>
<!-- Generated by org.testng.reporters.JUnitReportReporter -->
<testsuite hostname="LAPTOP-IBUOS8EK" failures="0" tests="2" name="testng_practice.LoggingPractice" time="19.302" errors="0" timestamp="2026-04-22T14:09:42 IST" skipped="0">
  <testcase classname="testng_practice.LoggingPractice" name="invaliduser" time="11.116"/>
  <testcase classname="testng_practice.LoggingPractice" name="validation" time="8.186"/>
</testsuite> <!-- testng_practice.LoggingPractice -->
