<?xml version="1.0" encoding="UTF-8"?>
<!-- Generated by org.testng.reporters.JUnitReportReporter -->
<testsuite hostname="LAPTOP-IBUOS8EK" failures="0" tests="3" name="testng_practice.DataProviderDemo" time="12.048" errors="0" timestamp="2026-04-20T21:46:25 IST" skipped="0">
  <testcase classname="testng_practice.DataProviderDemo" name="check" time="3.679"/>
  <testcase classname="testng_practice.DataProviderDemo" name="check" time="3.611"/>
  <testcase classname="testng_practice.DataProviderDemo" name="check" time="4.758"/>
</testsuite> <!-- testng_practice.DataProviderDemo -->
