<?xml version="1.0" encoding="UTF-8"?>
<!-- Generated by org.testng.reporters.JUnitReportReporter -->
<testsuite hostname="LAPTOP-IBUOS8EK" failures="0" tests="4" name="testng_practice.DependsOnGroupsExample" time="0.021" errors="0" timestamp="2026-04-17T12:25:54 IST" skipped="0">
  <testcase classname="testng_practice.DependsOnGroupsExample" name="testMethod2forgroupA" time="0.002"/>
  <testcase classname="testng_practice.DependsOnGroupsExample" name="testMethodforGroupB" time="0.002"/>
  <testcase classname="testng_practice.DependsOnGroupsExample" name="testMethod1frogroupA" time="0.014"/>
  <testcase classname="testng_practice.DependsOnGroupsExample" name="testMethod2forGroupB" time="0.003"/>
</testsuite> <!-- testng_practice.DependsOnGroupsExample -->
