<?xml version="1.0" encoding="UTF-8"?>
<!-- Generated by org.testng.reporters.JUnitReportReporter -->
<testsuite hostname="LAPTOP-IBUOS8EK" failures="0" tests="2" name="testng_practice.LoggingPractice" time="16.144" errors="0" timestamp="2026-04-28T16:01:04 IST" skipped="0">
  <testcase classname="testng_practice.LoggingPractice" name="invaliduser" time="8.486"/>
  <testcase classname="testng_practice.LoggingPractice" name="validation" time="7.658"/>
</testsuite> <!-- testng_practice.LoggingPractice -->
